<?xml version="1.0" encoding="UTF-8"?>
<testsuite name="helloWorld_tests.HelloWorldTest-20230222225820" tests="1" file="helloWorld_tests.py" time="0.003" timestamp="2023-02-22T22:58:21" failures="0" errors="0" skipped="0">
	<testcase classname="helloWorld_tests.HelloWorldTest" name="test_should_issue_hello_world_message" time="0.003" timestamp="2023-02-22T22:58:21"/>
</testsuite>
