<?xml version="1.0" encoding="UTF-8"?>
<testsuite name="helloWorld_tests.HelloWorldTest-20230223112728" tests="1" file="helloWorld_tests.py" time="0.002" timestamp="2023-02-23T11:27:29" failures="0" errors="0" skipped="0">
	<testcase classname="helloWorld_tests.HelloWorldTest" name="test_should_issue_hello_world_message" time="0.002" timestamp="2023-02-23T11:27:29"/>
</testsuite>
